2023-05-02 16:19:09.798 [TestNG-tests-1] INFO  base.BaseTest -  Launching Chrome browsers 
2023-05-02 16:19:09.968 [TestNG-tests-1] INFO  lumaProject.Tests.HomePageTest -  User click on the about us link  
2023-05-02 16:19:10.105 [TestNG-tests-1] INFO  pomPages.HomePage -  User clicking on About us logo  
2023-05-02 16:19:11.679 [TestNG-tests-1] INFO  lumaProject.Tests.HomePageTest -  User check the about us message 
2023-05-02 16:19:11.755 [TestNG-tests-1] INFO  lumaProject.Tests.HomePageTest -  Validating the about us 
2023-05-02 16:19:11.797 [TestNG-tests-1] INFO  pomPages.HomePage -  User read the about us description 
2023-05-02 16:19:11.946 [TestNG-tests-1] INFO  lumaProject.Tests.HomePageTest -  Number of States are 230stores
2023-05-02 16:19:11.946 [TestNG-tests-1] INFO  lumaProject.Tests.HomePageTest -  Number of Stores  are 43states
2023-05-02 16:19:12.068 [TestNG-tests-1] INFO  pomPages.HomePage -  User clicking on home logo 
2023-05-02 16:19:12.992 [TestNG-tests-1] INFO  lumaProject.Tests.HomePageTest -  Validating the home page 
2023-05-02 16:19:17.378 [TestNG-tests-1] INFO  base.BaseTest -  Launching Chrome browsers 
2023-05-02 16:19:17.388 [TestNG-tests-1] INFO  lumaProject.Tests.WhatsNewTest -  User click on the whatNewLink
2023-05-02 16:19:23.194 [TestNG-tests-1] INFO  lumaProject.Tests.WhatsNewTest -  Validating the number of new Hoddies in AUT 
2023-05-02 16:19:49.850 [TestNG-tests-1] INFO  base.BaseTest -  Launching Chrome browsers 
2023-05-02 16:19:49.861 [TestNG-tests-1] INFO  lumaProject.Tests.CreateAccountTest -  Starting create account happy path flow 
2023-05-02 16:19:49.930 [TestNG-tests-1] INFO  pomPages.AccountCreatePage -  User click on create account link 
2023-05-02 16:19:51.463 [TestNG-tests-1] INFO  pomPages.AccountCreatePage -  User enter the first name  
2023-05-02 16:19:51.543 [TestNG-tests-1] INFO  pomPages.AccountCreatePage -  User enter the last name  
2023-05-02 16:19:51.748 [TestNG-tests-1] INFO  pomPages.AccountCreatePage -  User enter the email for the registration  
2023-05-02 16:19:51.964 [TestNG-tests-1] INFO  pomPages.AccountCreatePage -  User enter the password for the registration  
2023-05-02 16:19:52.165 [TestNG-tests-1] INFO  pomPages.AccountCreatePage -  User enter the confirm password  for the registration  
2023-05-02 16:19:52.286 [TestNG-tests-1] INFO  pomPages.AccountCreatePage -  User click the create account button  
2023-05-02 16:19:55.580 [TestNG-tests-1] INFO  pomPages.AccountCreatePage -  submit_btn click successfull  
2023-05-02 16:19:55.581 [TestNG-tests-1] INFO  lumaProject.Tests.CreateAccountTest -  accountCreatePage.click_createActBtn() successfull 
2023-05-02 16:19:56.358 [TestNG-tests-1] INFO  lumaProject.Tests.CreateAccountTest - User click logout icon 
2023-05-02 16:19:58.447 [TestNG-tests-1] INFO  pomPages.LogoutPage -  User clicked on sign out button 
2023-05-02 16:20:25.180 [TestNG-tests-1] INFO  base.BaseTest -  Launching Chrome browsers 
2023-05-02 16:20:25.196 [TestNG-tests-1] INFO  lumaProject.Tests.LoginpageTest -  User click on Sign in link  
2023-05-02 16:20:26.729 [TestNG-tests-1] INFO  lumaProject.Tests.LoginpageTest -  User click on forget password link  
2023-05-02 16:20:28.430 [TestNG-tests-1] INFO  lumaProject.Tests.LoginpageTest -  User enters password on the forget password page  
2023-05-02 16:20:28.604 [TestNG-tests-1] INFO  lumaProject.Tests.LoginpageTest -  User click  reset password button 
2023-05-02 16:20:33.724 [TestNG-tests-1] INFO  lumaProject.Tests.LoginpageTest -  User Enter Username from excel 
2023-05-02 16:20:33.931 [TestNG-tests-1] INFO  lumaProject.Tests.LoginpageTest -  User Enter password from excel 
2023-05-02 16:20:34.123 [TestNG-tests-1] INFO  lumaProject.Tests.LoginpageTest -  User click Sign in button  
2023-05-02 16:20:41.335 [TestNG-tests-1] INFO  pomPages.HomePage -  User clicking on home logo 
2023-05-02 16:20:43.191 [TestNG-tests-1] INFO  lumaProject.Tests.LoginpageTest -  User Validaing page title  
2023-05-02 16:20:44.161 [TestNG-tests-1] INFO  lumaProject.Tests.LoginpageTest - User clicked right side logout icon 
2023-05-02 16:20:44.403 [TestNG-tests-1] INFO  lumaProject.Tests.LoginpageTest -  Logout Unsuccessfull by clicking right link  RETRY 
2023-05-02 16:20:44.467 [TestNG-tests-1] INFO  pomPages.HomePage -  User clicking on home logo 
2023-05-02 16:20:46.204 [TestNG-tests-1] INFO  lumaProject.Tests.LoginpageTest - User clicked right side logout icon 
2023-05-02 16:22:55.882 [TestNG-tests-1] INFO  base.BaseTest -  Launching Chrome browsers 
2023-05-02 16:22:55.890 [TestNG-tests-1] INFO  lumaProject.Tests.LoginpageTest -  User click on Sign in link  
2023-05-02 16:22:57.456 [TestNG-tests-1] INFO  lumaProject.Tests.LoginpageTest -  User Enter  Credentials 
2023-05-02 16:22:57.803 [TestNG-tests-1] INFO  lumaProject.Tests.LoginpageTest -  User click on sign in Button 
2023-05-02 16:23:00.869 [TestNG-tests-1] INFO  lumaProject.Tests.LoginpageTest -  User click on My account right side  link  
