2023-05-02 17:28:04.413 [TestNG-tests-1] INFO  base.BaseTest -  Launching Chrome browsers 
2023-05-02 17:28:04.514 [TestNG-tests-1] INFO  lumaProject.Tests.HomePageTest -  User click on the about us link  
2023-05-02 17:28:04.633 [TestNG-tests-1] INFO  pomPages.HomePage -  User clicking on About us logo  
2023-05-02 17:28:06.577 [TestNG-tests-1] INFO  lumaProject.Tests.HomePageTest -  User check the about us message 
2023-05-02 17:28:06.617 [TestNG-tests-1] INFO  lumaProject.Tests.HomePageTest -  Validating the about us 
2023-05-02 17:28:06.658 [TestNG-tests-1] INFO  pomPages.HomePage -  User read the about us description 
2023-05-02 17:28:06.815 [TestNG-tests-1] INFO  lumaProject.Tests.HomePageTest -  Number of States are 230stores
2023-05-02 17:28:06.816 [TestNG-tests-1] INFO  lumaProject.Tests.HomePageTest -  Number of Stores  are 43states
2023-05-02 17:28:06.902 [TestNG-tests-1] INFO  pomPages.HomePage -  User clicking on home logo 
2023-05-02 17:28:08.087 [TestNG-tests-1] INFO  lumaProject.Tests.HomePageTest -  Validating the home page 
2023-05-02 17:28:13.243 [TestNG-tests-1] INFO  base.BaseTest -  Launching Chrome browsers 
2023-05-02 17:28:13.251 [TestNG-tests-1] INFO  lumaProject.Tests.WhatsNewTest -  User click on the whatNewLink
2023-05-02 17:28:16.424 [TestNG-tests-1] INFO  lumaProject.Tests.WhatsNewTest -  Validating the number of new Hoddies in AUT 
2023-05-02 17:28:43.256 [TestNG-tests-1] INFO  base.BaseTest -  Launching Chrome browsers 
2023-05-02 17:28:43.266 [TestNG-tests-1] INFO  lumaProject.Tests.CreateAccountTest -  Starting create account happy path flow 
2023-05-02 17:28:43.328 [TestNG-tests-1] INFO  pomPages.AccountCreatePage -  User click on create account link 
2023-05-02 17:28:45.113 [TestNG-tests-1] INFO  pomPages.AccountCreatePage -  User enter the first name  
2023-05-02 17:28:45.180 [TestNG-tests-1] INFO  pomPages.AccountCreatePage -  User enter the last name  
2023-05-02 17:28:45.276 [TestNG-tests-1] INFO  pomPages.AccountCreatePage -  User enter the email for the registration  
2023-05-02 17:28:45.406 [TestNG-tests-1] INFO  pomPages.AccountCreatePage -  User enter the password for the registration  
2023-05-02 17:28:45.516 [TestNG-tests-1] INFO  pomPages.AccountCreatePage -  User enter the confirm password  for the registration  
2023-05-02 17:28:45.614 [TestNG-tests-1] INFO  pomPages.AccountCreatePage -  User click the create account button  
2023-05-02 17:28:47.447 [TestNG-tests-1] INFO  pomPages.AccountCreatePage -  submit_btn click successfull  
2023-05-02 17:28:47.447 [TestNG-tests-1] INFO  lumaProject.Tests.CreateAccountTest -  accountCreatePage.click_createActBtn() successfull 
2023-05-02 17:29:01.896 [TestNG-tests-1] INFO  base.BaseTest -  Launching Chrome browsers 
2023-05-02 17:29:01.912 [TestNG-tests-1] INFO  lumaProject.Tests.LoginpageTest -  User click on Sign in link  
2023-05-02 17:29:03.483 [TestNG-tests-1] INFO  lumaProject.Tests.LoginpageTest -  User click on forget password link  
2023-05-02 17:29:05.688 [TestNG-tests-1] INFO  lumaProject.Tests.LoginpageTest -  User enters password on the forget password page  
2023-05-02 17:29:05.803 [TestNG-tests-1] INFO  lumaProject.Tests.LoginpageTest -  User click  reset password button 
2023-05-02 17:29:07.979 [TestNG-tests-1] INFO  lumaProject.Tests.LoginpageTest -  User Enter Username from excel 
2023-05-02 17:29:08.200 [TestNG-tests-1] INFO  lumaProject.Tests.LoginpageTest -  User Enter password from excel 
2023-05-02 17:29:08.337 [TestNG-tests-1] INFO  lumaProject.Tests.LoginpageTest -  User click Sign in button  
2023-05-02 17:29:14.530 [TestNG-tests-1] INFO  pomPages.HomePage -  User clicking on home logo 
2023-05-02 17:29:15.756 [TestNG-tests-1] INFO  lumaProject.Tests.LoginpageTest -  User Validaing page title  
2023-05-02 17:29:16.125 [TestNG-tests-1] INFO  lumaProject.Tests.LoginpageTest - User clicked right side logout icon 
2023-05-02 17:29:17.405 [TestNG-tests-1] INFO  pomPages.LogoutPage -  User clicked on sign out button 
2023-05-02 17:29:17.406 [TestNG-tests-1] INFO  lumaProject.Tests.LoginpageTest - User clicked right side logout link  
2023-05-02 17:29:17.462 [TestNG-tests-1] INFO  lumaProject.Tests.LoginpageTest -  Logout successfull by clicking right link 
2023-05-02 17:29:18.775 [TestNG-tests-1] INFO  lumaProject.Tests.LoginpageTest -  User Enter Username from excel 
2023-05-02 17:29:19.037 [TestNG-tests-1] INFO  lumaProject.Tests.LoginpageTest -  User Enter password from excel 
2023-05-02 17:29:19.198 [TestNG-tests-1] INFO  lumaProject.Tests.LoginpageTest -  User click Sign in button  
2023-05-02 17:29:22.109 [TestNG-tests-1] INFO  pomPages.HomePage -  User clicking on home logo 
2023-05-02 17:29:23.022 [TestNG-tests-1] INFO  lumaProject.Tests.LoginpageTest -  User Validaing page title  
2023-05-02 17:29:23.268 [TestNG-tests-1] INFO  lumaProject.Tests.LoginpageTest - User clicked right side logout icon 
2023-05-02 17:29:24.589 [TestNG-tests-1] INFO  pomPages.LogoutPage -  User clicked on sign out button 
2023-05-02 17:29:24.589 [TestNG-tests-1] INFO  lumaProject.Tests.LoginpageTest - User clicked right side logout link  
2023-05-02 17:29:24.662 [TestNG-tests-1] INFO  lumaProject.Tests.LoginpageTest -  Logout successfull by clicking right link 
2023-05-02 17:29:25.855 [TestNG-tests-1] INFO  lumaProject.Tests.LoginpageTest -  User Enter Username from excel 
2023-05-02 17:29:26.049 [TestNG-tests-1] INFO  lumaProject.Tests.LoginpageTest -  User Enter password from excel 
2023-05-02 17:29:26.178 [TestNG-tests-1] INFO  lumaProject.Tests.LoginpageTest -  User click Sign in button  
2023-05-02 17:29:28.958 [TestNG-tests-1] INFO  pomPages.HomePage -  User clicking on home logo 
2023-05-02 17:29:29.941 [TestNG-tests-1] INFO  lumaProject.Tests.LoginpageTest -  User Validaing page title  
2023-05-02 17:29:30.077 [TestNG-tests-1] INFO  lumaProject.Tests.LoginpageTest - User clicked right side logout icon 
2023-05-02 17:29:31.448 [TestNG-tests-1] INFO  pomPages.LogoutPage -  User clicked on sign out button 
2023-05-02 17:29:31.448 [TestNG-tests-1] INFO  lumaProject.Tests.LoginpageTest - User clicked right side logout link  
2023-05-02 17:29:31.531 [TestNG-tests-1] INFO  lumaProject.Tests.LoginpageTest -  Logout successfull by clicking right link 
2023-05-02 17:29:32.703 [TestNG-tests-1] INFO  lumaProject.Tests.LoginpageTest -  User Enter Username from excel 
2023-05-02 17:29:32.916 [TestNG-tests-1] INFO  lumaProject.Tests.LoginpageTest -  User Enter password from excel 
2023-05-02 17:29:33.042 [TestNG-tests-1] INFO  lumaProject.Tests.LoginpageTest -  User click Sign in button  
2023-05-02 17:29:35.889 [TestNG-tests-1] INFO  pomPages.HomePage -  User clicking on home logo 
2023-05-02 17:29:36.808 [TestNG-tests-1] INFO  lumaProject.Tests.LoginpageTest -  User Validaing page title  
2023-05-02 17:29:37.063 [TestNG-tests-1] INFO  lumaProject.Tests.LoginpageTest - User clicked right side logout icon 
2023-05-02 17:29:38.567 [TestNG-tests-1] INFO  pomPages.LogoutPage -  User clicked on sign out button 
2023-05-02 17:29:38.567 [TestNG-tests-1] INFO  lumaProject.Tests.LoginpageTest - User clicked right side logout link  
2023-05-02 17:29:38.649 [TestNG-tests-1] INFO  lumaProject.Tests.LoginpageTest -  Logout successfull by clicking right link 
2023-05-02 17:29:39.867 [TestNG-tests-1] INFO  lumaProject.Tests.LoginpageTest -  User Enter Username from excel 
2023-05-02 17:29:40.085 [TestNG-tests-1] INFO  lumaProject.Tests.LoginpageTest -  User Enter password from excel 
2023-05-02 17:29:40.208 [TestNG-tests-1] INFO  lumaProject.Tests.LoginpageTest -  User click Sign in button  
2023-05-02 17:29:43.126 [TestNG-tests-1] INFO  pomPages.HomePage -  User clicking on home logo 
2023-05-02 17:29:43.994 [TestNG-tests-1] INFO  lumaProject.Tests.LoginpageTest -  User Validaing page title  
2023-05-02 17:29:44.234 [TestNG-tests-1] INFO  lumaProject.Tests.LoginpageTest - User clicked right side logout icon 
2023-05-02 17:29:45.707 [TestNG-tests-1] INFO  pomPages.LogoutPage -  User clicked on sign out button 
2023-05-02 17:29:45.707 [TestNG-tests-1] INFO  lumaProject.Tests.LoginpageTest - User clicked right side logout link  
2023-05-02 17:29:45.795 [TestNG-tests-1] INFO  lumaProject.Tests.LoginpageTest -  Logout successfull by clicking right link 
2023-05-02 17:29:45.801 [TestNG-tests-1] INFO  lumaProject.Tests.LoginpageTest -  User click on Sign in link  
2023-05-02 17:29:46.948 [TestNG-tests-1] INFO  lumaProject.Tests.LoginpageTest -  User Enter wrong Credentials 
2023-05-02 17:29:47.298 [TestNG-tests-1] INFO  lumaProject.Tests.LoginpageTest -  User click on sign in Button 
2023-05-02 17:30:17.138 [TestNG-tests-1] INFO  base.BaseTest -  Launching Chrome browsers 
2023-05-02 17:30:17.167 [TestNG-tests-1] INFO  lumaProject.Tests.LoginpageTest -  User click on Sign in link  
2023-05-02 17:30:23.505 [TestNG-tests-1] INFO  lumaProject.Tests.LoginpageTest -  User Enter  Credentials 
2023-05-02 17:30:35.611 [TestNG-tests-1] INFO  lumaProject.Tests.LoginpageTest -  User click on sign in Button 
2023-05-02 17:31:05.159 [TestNG-tests-1] INFO  lumaProject.Tests.LoginpageTest -  User click on My account right side  link  
2023-05-02 17:31:07.107 [TestNG-tests-1] INFO  lumaProject.Tests.LoginpageTest -  User click on manage address 
2023-05-02 17:31:09.208 [TestNG-tests-1] INFO  lumaProject.Tests.LoginpageTest -  Address already existing 
2023-05-02 17:31:09.208 [TestNG-tests-1] INFO  lumaProject.Tests.LoginpageTest -  User click the new address button 
