2023-05-02 16:12:27.047 [TestNG-tests-1] INFO  base.BaseTest -  Launching Chrome browsers 
2023-05-02 16:12:29.941 [TestNG-tests-1] INFO  lumaProject.Tests.LoginpageTest -  User Enter Username from excel 
2023-05-02 16:12:30.280 [TestNG-tests-1] INFO  lumaProject.Tests.LoginpageTest -  User Enter password from excel 
2023-05-02 16:12:30.489 [TestNG-tests-1] INFO  lumaProject.Tests.LoginpageTest -  User click Sign in button  
2023-05-02 16:12:33.785 [TestNG-tests-1] INFO  lumaProject.Tests.LoginpageTest -  User Validaing page title  
2023-05-02 16:12:33.925 [TestNG-tests-1] INFO  lumaProject.Tests.LoginpageTest - User click logout icon 
2023-05-02 16:12:35.677 [TestNG-tests-1] INFO  pomPages.LogoutPage -  User clicked on sign out button 
2023-05-02 16:12:35.737 [TestNG-tests-1] INFO  lumaProject.Tests.LoginpageTest -  Logout successfull by clicking right link 
2023-05-02 16:12:37.530 [TestNG-tests-1] INFO  lumaProject.Tests.LoginpageTest -  User Enter Username from excel 
2023-05-02 16:12:37.830 [TestNG-tests-1] INFO  lumaProject.Tests.LoginpageTest -  User Enter password from excel 
2023-05-02 16:12:38.014 [TestNG-tests-1] INFO  lumaProject.Tests.LoginpageTest -  User click Sign in button  
2023-05-02 16:12:41.284 [TestNG-tests-1] INFO  lumaProject.Tests.LoginpageTest -  User Validaing page title  
2023-05-02 16:12:41.313 [TestNG-tests-1] INFO  lumaProject.Tests.LoginpageTest - User click logout icon 
2023-05-02 16:12:43.173 [TestNG-tests-1] INFO  pomPages.LogoutPage -  User clicked on sign out button 
2023-05-02 16:12:43.258 [TestNG-tests-1] INFO  lumaProject.Tests.LoginpageTest -  Logout successfull by clicking right link 
2023-05-02 16:12:45.360 [TestNG-tests-1] INFO  lumaProject.Tests.LoginpageTest -  User Enter Username from excel 
2023-05-02 16:12:45.653 [TestNG-tests-1] INFO  lumaProject.Tests.LoginpageTest -  User Enter password from excel 
2023-05-02 16:12:45.809 [TestNG-tests-1] INFO  lumaProject.Tests.LoginpageTest -  User click Sign in button  
2023-05-02 16:12:48.934 [TestNG-tests-1] INFO  lumaProject.Tests.LoginpageTest -  User Validaing page title  
2023-05-02 16:12:48.990 [TestNG-tests-1] INFO  lumaProject.Tests.LoginpageTest - User click logout icon 
2023-05-02 16:12:50.896 [TestNG-tests-1] INFO  pomPages.LogoutPage -  User clicked on sign out button 
2023-05-02 16:12:50.978 [TestNG-tests-1] INFO  lumaProject.Tests.LoginpageTest -  Logout successfull by clicking right link 
2023-05-02 16:12:52.726 [TestNG-tests-1] INFO  lumaProject.Tests.LoginpageTest -  User Enter Username from excel 
2023-05-02 16:12:53.001 [TestNG-tests-1] INFO  lumaProject.Tests.LoginpageTest -  User Enter password from excel 
2023-05-02 16:12:53.174 [TestNG-tests-1] INFO  lumaProject.Tests.LoginpageTest -  User click Sign in button  
2023-05-02 16:12:56.562 [TestNG-tests-1] INFO  lumaProject.Tests.LoginpageTest -  User Validaing page title  
2023-05-02 16:12:56.616 [TestNG-tests-1] INFO  lumaProject.Tests.LoginpageTest - User click logout icon 
2023-05-02 16:12:58.669 [TestNG-tests-1] INFO  pomPages.LogoutPage -  User clicked on sign out button 
2023-05-02 16:12:58.783 [TestNG-tests-1] INFO  lumaProject.Tests.LoginpageTest -  Logout successfull by clicking right link 
2023-05-02 16:13:00.732 [TestNG-tests-1] INFO  lumaProject.Tests.LoginpageTest -  User Enter Username from excel 
2023-05-02 16:13:00.941 [TestNG-tests-1] INFO  lumaProject.Tests.LoginpageTest -  User Enter password from excel 
2023-05-02 16:13:01.068 [TestNG-tests-1] INFO  lumaProject.Tests.LoginpageTest -  User click Sign in button  
2023-05-02 16:13:03.986 [TestNG-tests-1] INFO  lumaProject.Tests.LoginpageTest -  User Validaing page title  
2023-05-02 16:13:04.007 [TestNG-tests-1] INFO  lumaProject.Tests.LoginpageTest - User click logout icon 
2023-05-02 16:13:05.786 [TestNG-tests-1] INFO  pomPages.LogoutPage -  User clicked on sign out button 
2023-05-02 16:13:05.838 [TestNG-tests-1] INFO  lumaProject.Tests.LoginpageTest -  Logout successfull by clicking right link 
