2023-05-02 16:40:57.008 [TestNG-tests-1] INFO  base.BaseTest -  Launching Chrome browsers 
2023-05-02 16:40:57.164 [TestNG-tests-1] INFO  lumaProject.Tests.HomePageTest -  User click on the about us link  
2023-05-02 16:40:57.258 [TestNG-tests-1] INFO  pomPages.HomePage -  User clicking on About us logo  
2023-05-02 16:40:59.207 [TestNG-tests-1] INFO  lumaProject.Tests.HomePageTest -  User check the about us message 
2023-05-02 16:40:59.235 [TestNG-tests-1] INFO  lumaProject.Tests.HomePageTest -  Validating the about us 
2023-05-02 16:40:59.266 [TestNG-tests-1] INFO  pomPages.HomePage -  User read the about us description 
2023-05-02 16:40:59.366 [TestNG-tests-1] INFO  lumaProject.Tests.HomePageTest -  Number of States are 230stores
2023-05-02 16:40:59.366 [TestNG-tests-1] INFO  lumaProject.Tests.HomePageTest -  Number of Stores  are 43states
2023-05-02 16:40:59.440 [TestNG-tests-1] INFO  pomPages.HomePage -  User clicking on home logo 
2023-05-02 16:41:00.605 [TestNG-tests-1] INFO  lumaProject.Tests.HomePageTest -  Validating the home page 
2023-05-02 16:41:26.888 [TestNG-tests-1] INFO  base.BaseTest -  Launching Chrome browsers 
2023-05-02 16:41:26.897 [TestNG-tests-1] INFO  lumaProject.Tests.WhatsNewTest -  User click on the whatNewLink
2023-05-02 16:41:29.294 [TestNG-tests-1] INFO  lumaProject.Tests.WhatsNewTest -  Validating the number of new Hoddies in AUT 
2023-05-02 16:41:35.335 [TestNG-tests-1] INFO  base.BaseTest -  Launching Chrome browsers 
2023-05-02 16:41:35.343 [TestNG-tests-1] INFO  lumaProject.Tests.CreateAccountTest -  Starting create account happy path flow 
2023-05-02 16:41:35.399 [TestNG-tests-1] INFO  pomPages.AccountCreatePage -  User click on create account link 
2023-05-02 16:41:37.407 [TestNG-tests-1] INFO  pomPages.AccountCreatePage -  User enter the first name  
2023-05-02 16:41:37.489 [TestNG-tests-1] INFO  pomPages.AccountCreatePage -  User enter the last name  
2023-05-02 16:41:37.615 [TestNG-tests-1] INFO  pomPages.AccountCreatePage -  User enter the email for the registration  
2023-05-02 16:41:37.767 [TestNG-tests-1] INFO  pomPages.AccountCreatePage -  User enter the password for the registration  
2023-05-02 16:41:37.958 [TestNG-tests-1] INFO  pomPages.AccountCreatePage -  User enter the confirm password  for the registration  
2023-05-02 16:41:38.098 [TestNG-tests-1] INFO  pomPages.AccountCreatePage -  User click the create account button  
2023-05-02 16:41:41.222 [TestNG-tests-1] INFO  pomPages.AccountCreatePage -  submit_btn click successfull  
2023-05-02 16:41:41.222 [TestNG-tests-1] INFO  lumaProject.Tests.CreateAccountTest -  accountCreatePage.click_createActBtn() successfull 
2023-05-02 16:41:41.930 [TestNG-tests-1] INFO  lumaProject.Tests.CreateAccountTest - User click logout icon 
2023-05-02 16:41:44.743 [TestNG-tests-1] INFO  pomPages.LogoutPage -  User clicked on sign out button 
2023-05-02 16:42:10.589 [TestNG-tests-1] INFO  base.BaseTest -  Launching Chrome browsers 
2023-05-02 16:42:10.604 [TestNG-tests-1] INFO  lumaProject.Tests.LoginpageTest -  User click on Sign in link  
2023-05-02 16:42:11.630 [TestNG-tests-1] INFO  lumaProject.Tests.LoginpageTest -  User click on forget password link  
2023-05-02 16:42:13.360 [TestNG-tests-1] INFO  lumaProject.Tests.LoginpageTest -  User enters password on the forget password page  
2023-05-02 16:42:13.467 [TestNG-tests-1] INFO  lumaProject.Tests.LoginpageTest -  User click  reset password button 
2023-05-02 16:42:15.495 [TestNG-tests-1] INFO  lumaProject.Tests.LoginpageTest -  User Enter Username from excel 
2023-05-02 16:42:15.690 [TestNG-tests-1] INFO  lumaProject.Tests.LoginpageTest -  User Enter password from excel 
2023-05-02 16:42:15.831 [TestNG-tests-1] INFO  lumaProject.Tests.LoginpageTest -  User click Sign in button  
2023-05-02 16:42:20.259 [TestNG-tests-1] INFO  pomPages.HomePage -  User clicking on home logo 
2023-05-02 16:42:21.454 [TestNG-tests-1] INFO  lumaProject.Tests.LoginpageTest -  User Validaing page title  
2023-05-02 16:42:21.718 [TestNG-tests-1] INFO  lumaProject.Tests.LoginpageTest - User clicked right side logout icon 
2023-05-02 16:42:23.392 [TestNG-tests-1] INFO  pomPages.LogoutPage -  User clicked on sign out button 
2023-05-02 16:42:23.393 [TestNG-tests-1] INFO  lumaProject.Tests.LoginpageTest - User clicked right side logout link  
2023-05-02 16:42:23.463 [TestNG-tests-1] INFO  lumaProject.Tests.LoginpageTest -  Logout successfull by clicking right link 
2023-05-02 16:42:25.540 [TestNG-tests-1] INFO  lumaProject.Tests.LoginpageTest -  User Enter Username from excel 
2023-05-02 16:42:25.753 [TestNG-tests-1] INFO  lumaProject.Tests.LoginpageTest -  User Enter password from excel 
2023-05-02 16:42:25.867 [TestNG-tests-1] INFO  lumaProject.Tests.LoginpageTest -  User click Sign in button  
2023-05-02 16:42:29.334 [TestNG-tests-1] INFO  pomPages.HomePage -  User clicking on home logo 
2023-05-02 16:42:30.449 [TestNG-tests-1] INFO  lumaProject.Tests.LoginpageTest -  User Validaing page title  
2023-05-02 16:42:30.743 [TestNG-tests-1] INFO  lumaProject.Tests.LoginpageTest - User clicked right side logout icon 
2023-05-02 16:42:32.128 [TestNG-tests-1] INFO  pomPages.LogoutPage -  User clicked on sign out button 
2023-05-02 16:42:32.128 [TestNG-tests-1] INFO  lumaProject.Tests.LoginpageTest - User clicked right side logout link  
2023-05-02 16:42:32.184 [TestNG-tests-1] INFO  lumaProject.Tests.LoginpageTest -  Logout successfull by clicking right link 
2023-05-02 16:42:33.602 [TestNG-tests-1] INFO  lumaProject.Tests.LoginpageTest -  User Enter Username from excel 
2023-05-02 16:42:33.768 [TestNG-tests-1] INFO  lumaProject.Tests.LoginpageTest -  User Enter password from excel 
2023-05-02 16:42:33.889 [TestNG-tests-1] INFO  lumaProject.Tests.LoginpageTest -  User click Sign in button  
2023-05-02 16:42:37.237 [TestNG-tests-1] INFO  pomPages.HomePage -  User clicking on home logo 
2023-05-02 16:42:38.371 [TestNG-tests-1] INFO  lumaProject.Tests.LoginpageTest -  User Validaing page title  
2023-05-02 16:42:38.624 [TestNG-tests-1] INFO  lumaProject.Tests.LoginpageTest - User clicked right side logout icon 
2023-05-02 16:42:40.023 [TestNG-tests-1] INFO  pomPages.LogoutPage -  User clicked on sign out button 
2023-05-02 16:42:40.024 [TestNG-tests-1] INFO  lumaProject.Tests.LoginpageTest - User clicked right side logout link  
2023-05-02 16:42:40.084 [TestNG-tests-1] INFO  lumaProject.Tests.LoginpageTest -  Logout successfull by clicking right link 
2023-05-02 16:42:41.253 [TestNG-tests-1] INFO  lumaProject.Tests.LoginpageTest -  User Enter Username from excel 
2023-05-02 16:42:41.449 [TestNG-tests-1] INFO  lumaProject.Tests.LoginpageTest -  User Enter password from excel 
2023-05-02 16:42:41.560 [TestNG-tests-1] INFO  lumaProject.Tests.LoginpageTest -  User click Sign in button  
2023-05-02 16:42:45.102 [TestNG-tests-1] INFO  pomPages.HomePage -  User clicking on home logo 
2023-05-02 16:42:46.232 [TestNG-tests-1] INFO  lumaProject.Tests.LoginpageTest -  User Validaing page title  
2023-05-02 16:42:46.461 [TestNG-tests-1] INFO  lumaProject.Tests.LoginpageTest - User clicked right side logout icon 
2023-05-02 16:42:48.053 [TestNG-tests-1] INFO  pomPages.LogoutPage -  User clicked on sign out button 
2023-05-02 16:42:48.054 [TestNG-tests-1] INFO  lumaProject.Tests.LoginpageTest - User clicked right side logout link  
2023-05-02 16:42:48.147 [TestNG-tests-1] INFO  lumaProject.Tests.LoginpageTest -  Logout successfull by clicking right link 
2023-05-02 16:42:49.911 [TestNG-tests-1] INFO  lumaProject.Tests.LoginpageTest -  User Enter Username from excel 
2023-05-02 16:42:50.126 [TestNG-tests-1] INFO  lumaProject.Tests.LoginpageTest -  User Enter password from excel 
2023-05-02 16:42:50.262 [TestNG-tests-1] INFO  lumaProject.Tests.LoginpageTest -  User click Sign in button  
2023-05-02 16:42:53.805 [TestNG-tests-1] INFO  pomPages.HomePage -  User clicking on home logo 
2023-05-02 16:42:54.838 [TestNG-tests-1] INFO  lumaProject.Tests.LoginpageTest -  User Validaing page title  
2023-05-02 16:42:54.966 [TestNG-tests-1] INFO  lumaProject.Tests.LoginpageTest - User clicked right side logout icon 
2023-05-02 16:42:56.324 [TestNG-tests-1] INFO  pomPages.LogoutPage -  User clicked on sign out button 
2023-05-02 16:42:56.324 [TestNG-tests-1] INFO  lumaProject.Tests.LoginpageTest - User clicked right side logout link  
2023-05-02 16:42:56.397 [TestNG-tests-1] INFO  lumaProject.Tests.LoginpageTest -  Logout successfull by clicking right link 
2023-05-02 16:42:56.404 [TestNG-tests-1] INFO  lumaProject.Tests.LoginpageTest -  User click on Sign in link  
2023-05-02 16:42:57.593 [TestNG-tests-1] INFO  lumaProject.Tests.LoginpageTest -  User Enter wrong Credentials 
2023-05-02 16:42:57.952 [TestNG-tests-1] INFO  lumaProject.Tests.LoginpageTest -  User click on sign in Button 
2023-05-02 16:43:26.599 [TestNG-tests-1] INFO  base.BaseTest -  Launching Chrome browsers 
2023-05-02 16:43:26.608 [TestNG-tests-1] INFO  lumaProject.Tests.LoginpageTest -  User click on Sign in link  
2023-05-02 16:43:27.639 [TestNG-tests-1] INFO  lumaProject.Tests.LoginpageTest -  User Enter  Credentials 
2023-05-02 16:43:28.050 [TestNG-tests-1] INFO  lumaProject.Tests.LoginpageTest -  User click on sign in Button 
2023-05-02 16:43:31.321 [TestNG-tests-1] INFO  lumaProject.Tests.LoginpageTest -  User click on My account right side  link  
2023-05-02 16:43:32.612 [TestNG-tests-1] INFO  lumaProject.Tests.LoginpageTest -  User click on manage address 
2023-05-02 16:43:33.905 [TestNG-tests-1] INFO  lumaProject.Tests.LoginpageTest -  Address already existing 
2023-05-02 16:43:33.905 [TestNG-tests-1] INFO  lumaProject.Tests.LoginpageTest -  User click the new address button 
